<?xml version="1.0" encoding="UTF-8" ?>
<testsuite errors="0" failures="0" hostname="localhost.localdomain" name="backendjavajunit.ej01.DiscountCalculatorTest" skipped="0" tests="4" time="0.049" timestamp="2023-07-20T23:32:11">
  <properties>
    <property name="libs.jsp-compiler.javadoc" value="" />
    <property name="netbeans.autoupdate.country" value="US" />
    <property name="libs.jakartaee-web-api-8.0.src" value="" />
    <property name="nb.wait.for.caches" value="true" />
    <property name="platforms.JDK_1.8.0_371.bootclasspath" value="/home/juan/NetBeansJDKs/jdk1.8.0_371/jre/lib/resources.jar:/home/juan/NetBeansJDKs/jdk1.8.0_371/jre/lib/rt.jar:/home/juan/NetBeansJDKs/jdk1.8.0_371/jre/lib/jsse.jar:/home/juan/NetBeansJDKs/jdk1.8.0_371/jre/lib/jce.jar:/home/juan/NetBeansJDKs/jdk1.8.0_371/jre/lib/charsets.jar:/home/juan/NetBeansJDKs/jdk1.8.0_371/jre/lib/jfr.jar:/home/juan/NetBeansJDKs/jdk1.8.0_371/jre/classes:/home/juan/NetBeansJDKs/jdk1.8.0_371/jre/lib/ext/nashorn.jar:/home/juan/NetBeansJDKs/jdk1.8.0_371/jre/lib/ext/zipfs.jar:/home/juan/NetBeansJDKs/jdk1.8.0_371/jre/lib/ext/sunec.jar:/home/juan/NetBeansJDKs/jdk1.8.0_371/jre/lib/ext/sunjce_provider.jar:/home/juan/NetBeansJDKs/jdk1.8.0_371/jre/lib/ext/sunpkcs11.jar:/home/juan/NetBeansJDKs/jdk1.8.0_371/jre/lib/ext/dnsns.jar:/home/juan/NetBeansJDKs/jdk1.8.0_371/jre/lib/ext/localedata.jar:/home/juan/NetBeansJDKs/jdk1.8.0_371/jre/lib/ext/cldrdata.jar:/home/juan/NetBeansJDKs/jdk1.8.0_371/jre/lib/ext/jaccess.jar:/home/juan/NetBeansJDKs/jdk1.8.0_371/jre/lib/ext/jfxrt.jar" />
    <property name="libs.graaljs.maven-pom" value="" />
    <property name="javac.test.classpath" value=":build/classes:/home/juan/Apps/netbeans/platform/modules/ext/junit-4.13.2.jar:/home/juan/NetBeansProjects/JUnit/hamcrest-core-1.3.jar" />
    <property name="libs.jsf20.maven-pom" value="" />
    <property name="javac.test.sourcepath" value="/home/juan/NetBeansProjects/BackendJavaJUnit/build/empty" />
    <property name="maven.defaultProjectBuilder.disableGlobalModelCache" value="true" />
    <property name="libs.spring-webmvc4.0.src" value="" />
    <property name="ant.core.lib" value="/home/juan/Apps/netbeans/extide/ant/lib/ant.jar" />
    <property name="javadoc.windowtitle" value="" />
    <property name="libs.jsp-compilation.javadoc" value="" />
    <property name="user.dir" value="/home/juan/NetBeansProjects/BackendJavaJUnit" />
    <property name="libs.javaee-api-7.0.src" value="" />
    <property name="java.vm.version" value="25.371-b11" />
    <property name="libs.jakartaee-web-api-8.0.maven-pom" value="" />
    <property name="libs.eclipselinkmodelgen.src" value="" />
    <property name="jlink.additionalmodules" value="" />
    <property name="javadoc.notree" value="false" />
    <property name="netbeans.autoupdate.version" value="1.23" />
    <property name="netbeans.running.environment" value="kde" />
    <property name="libs.javaee-web-api-6.0.classpath" value="/home/juan/Apps/netbeans/enterprise/modules/ext/javaee-web-api-6.0.jar" />
    <property name="javac.profile.cmd.line.arg" value="" />
    <property name="jdk.home" value="/usr/lib64/jvm/java-17-openjdk" />
    <property name="javadoc.noindex" value="false" />
    <property name="sun.os.patch.level" value="unknown" />
    <property name="do.archive+manifest.available" value="true" />
    <property name="java.vm.specification.name" value="Java Virtual Machine Specification" />
    <property name="netbeans.autoupdate.variant" value="" />
    <property name="have.tests" value="true" />
    <property name="org.xml.sax.driver" value="com.sun.org.apache.xerces.internal.jaxp.SAXParserImpl$JAXPSAXParser" />
    <property name="libs.hamcrest.classpath" value="/home/juan/NetBeansProjects/JUnit/hamcrest-core-1.3.jar" />
    <property name="os.name" value="Linux" />
    <property name="libs.jakartaee-web-api-9.0.javadoc" value="/home/juan/Apps/netbeans/enterprise/docs/jakartaee9-doc-api.jar" />
    <property name="java.specification.maintenance.version" value="4" />
    <property name="libs.javaee-endorsed-api-7.0.maven-pom" value="" />
    <property name="ap.proc.none.internal" value="" />
    <property name="libs.restapi.javadoc" value="" />
    <property name="libs.JWSAntTasks.maven-pom" value="" />
    <property name="libs.jstl.classpath" value="/home/juan/Apps/netbeans/enterprise/modules/ext/jstl-impl.jar:/home/juan/Apps/netbeans/enterprise/modules/ext/jstl-api.jar" />
    <property name="libs.testng.src" value="" />
    <property name="libs.spring-webmvc3.0.src" value="" />
    <property name="libs.restapi.classpath" value="/home/juan/Apps/netbeans/enterprise/modules/ext/jaxrs-2.1/jakarta.ws.rs-api-2.1.6.jar" />
    <property name="java.vendor.url.bug" value="http://bugreport.sun.com/bugreport/" />
    <property name="libs.jaxb.maven-pom" value="" />
    <property name="os.arch" value="amd64" />
    <property name="libs.eclipselink.src" value="" />
    <property name="user.name" value="juan" />
    <property name="libs.jsf12.javadoc" value="/home/juan/Apps/netbeans/enterprise/docs/javaee-doc-api.jar" />
    <property name="copylibs.rebase" value="true" />
    <property name="libs.spring-webmvc5.0.javadoc" value="" />
    <property name="libs.spring-framework500.classpath" value="/home/juan/Apps/netbeans/platform/modules/org-apache-commons-logging.jar:/home/juan/Apps/netbeans/java/modules/ext/cglib-2.2.jar:/home/juan/Apps/netbeans/java/modules/ext/spring-5/spring-aop-5.2.9.RELEASE.jar:/home/juan/Apps/netbeans/java/modules/ext/spring-5/spring-aspects-5.2.9.RELEASE.jar:/home/juan/Apps/netbeans/java/modules/ext/spring-5/spring-beans-5.2.9.RELEASE.jar:/home/juan/Apps/netbeans/java/modules/ext/spring-5/spring-context-5.2.9.RELEASE.jar:/home/juan/Apps/netbeans/java/modules/ext/spring-5/spring-context-indexer-5.2.9.RELEASE.jar:/home/juan/Apps/netbeans/java/modules/ext/spring-5/spring-context-support-5.2.9.RELEASE.jar:/home/juan/Apps/netbeans/java/modules/ext/spring-5/spring-core-5.2.9.RELEASE.jar:/home/juan/Apps/netbeans/java/modules/ext/spring-5/spring-expression-5.2.9.RELEASE.jar:/home/juan/Apps/netbeans/java/modules/ext/spring-5/spring-instrument-5.2.9.RELEASE.jar:/home/juan/Apps/netbeans/java/modules/ext/spring-5/spring-jcl-5.2.9.RELEASE.jar:/home/juan/Apps/netbeans/java/modules/ext/spring-5/spring-jdbc-5.2.9.RELEASE.jar:/home/juan/Apps/netbeans/java/modules/ext/spring-5/spring-jms-5.2.9.RELEASE.jar:/home/juan/Apps/netbeans/java/modules/ext/spring-5/spring-messaging-5.2.9.RELEASE.jar:/home/juan/Apps/netbeans/java/modules/ext/spring-5/spring-orm-5.2.9.RELEASE.jar:/home/juan/Apps/netbeans/java/modules/ext/spring-5/spring-oxm-5.2.9.RELEASE.jar:/home/juan/Apps/netbeans/java/modules/ext/spring-5/spring-test-5.2.9.RELEASE.jar:/home/juan/Apps/netbeans/java/modules/ext/spring-5/spring-tx-5.2.9.RELEASE.jar:/home/juan/Apps/netbeans/java/modules/ext/spring-5/spring-web-5.2.9.RELEASE.jar:/home/juan/Apps/netbeans/java/modules/ext/spring-5/spring-webflux-5.2.9.RELEASE.jar:/home/juan/Apps/netbeans/java/modules/ext/spring-5/spring-webmvc-5.2.9.RELEASE.jar:/home/juan/Apps/netbeans/java/modules/ext/spring-5/spring-websocket-5.2.9.RELEASE.jar" />
    <property name="libs.spring-webmvc3.0.maven-pom" value="" />
    <property name="sun.java.command" value="org.apache.tools.ant.taskdefs.optional.junit.JUnitTestRunner backendjavajunit.ej01.DiscountCalculatorTest skipNonTests=false filtertrace=true haltOnError=false haltOnFailure=false showoutput=true outputtoformatters=true logfailedtests=true threadid=0 logtestlistenerevents=true formatter=org.apache.tools.ant.taskdefs.optional.junit.BriefJUnitResultFormatter formatter=org.apache.tools.ant.taskdefs.optional.junit.XMLJUnitResultFormatter,/home/juan/NetBeansProjects/BackendJavaJUnit/build/test/results/TEST-backendjavajunit.ej01.DiscountCalculatorTest.xml crashfile=/home/juan/NetBeansProjects/BackendJavaJUnit/build/junitvmwatcher2569989246609200723.properties propsfile=/home/juan/NetBeansProjects/BackendJavaJUnit/build/junit11626151859492652908.properties" />
    <property name="build.classes.dir" value="build/classes" />
    <property name="platforms.JDK_17.0.7.bootclasspath" value="/home/juan/NetBeansJDKs/jdk-17.0.7/!/modules/java.base/:/home/juan/NetBeansJDKs/jdk-17.0.7/!/modules/java.compiler/:/home/juan/NetBeansJDKs/jdk-17.0.7/!/modules/java.datatransfer/:/home/juan/NetBeansJDKs/jdk-17.0.7/!/modules/java.desktop/:/home/juan/NetBeansJDKs/jdk-17.0.7/!/modules/java.instrument/:/home/juan/NetBeansJDKs/jdk-17.0.7/!/modules/java.logging/:/home/juan/NetBeansJDKs/jdk-17.0.7/!/modules/java.management/:/home/juan/NetBeansJDKs/jdk-17.0.7/!/modules/java.management.rmi/:/home/juan/NetBeansJDKs/jdk-17.0.7/!/modules/java.naming/:/home/juan/NetBeansJDKs/jdk-17.0.7/!/modules/java.net.http/:/home/juan/NetBeansJDKs/jdk-17.0.7/!/modules/java.prefs/:/home/juan/NetBeansJDKs/jdk-17.0.7/!/modules/java.rmi/:/home/juan/NetBeansJDKs/jdk-17.0.7/!/modules/java.scripting/:/home/juan/NetBeansJDKs/jdk-17.0.7/!/modules/java.se/:/home/juan/NetBeansJDKs/jdk-17.0.7/!/modules/java.security.jgss/:/home/juan/NetBeansJDKs/jdk-17.0.7/!/modules/java.security.sasl/:/home/juan/NetBeansJDKs/jdk-17.0.7/!/modules/java.smartcardio/:/home/juan/NetBeansJDKs/jdk-17.0.7/!/modules/java.sql/:/home/juan/NetBeansJDKs/jdk-17.0.7/!/modules/java.sql.rowset/:/home/juan/NetBeansJDKs/jdk-17.0.7/!/modules/java.transaction.xa/:/home/juan/NetBeansJDKs/jdk-17.0.7/!/modules/java.xml/:/home/juan/NetBeansJDKs/jdk-17.0.7/!/modules/java.xml.crypto/:/home/juan/NetBeansJDKs/jdk-17.0.7/!/modules/jdk.accessibility/:/home/juan/NetBeansJDKs/jdk-17.0.7/!/modules/jdk.attach/:/home/juan/NetBeansJDKs/jdk-17.0.7/!/modules/jdk.charsets/:/home/juan/NetBeansJDKs/jdk-17.0.7/!/modules/jdk.compiler/:/home/juan/NetBeansJDKs/jdk-17.0.7/!/modules/jdk.crypto.cryptoki/:/home/juan/NetBeansJDKs/jdk-17.0.7/!/modules/jdk.crypto.ec/:/home/juan/NetBeansJDKs/jdk-17.0.7/!/modules/jdk.dynalink/:/home/juan/NetBeansJDKs/jdk-17.0.7/!/modules/jdk.editpad/:/home/juan/NetBeansJDKs/jdk-17.0.7/!/modules/jdk.hotspot.agent/:/home/juan/NetBeansJDKs/jdk-17.0.7/!/modules/jdk.httpserver/:/home/juan/NetBeansJDKs/jdk-17.0.7/!/modules/jdk.incubator.foreign/:/home/juan/NetBeansJDKs/jdk-17.0.7/!/modules/jdk.incubator.vector/:/home/juan/NetBeansJDKs/jdk-17.0.7/!/modules/jdk.internal.ed/:/home/juan/NetBeansJDKs/jdk-17.0.7/!/modules/jdk.internal.jvmstat/:/home/juan/NetBeansJDKs/jdk-17.0.7/!/modules/jdk.internal.le/:/home/juan/NetBeansJDKs/jdk-17.0.7/!/modules/jdk.internal.opt/:/home/juan/NetBeansJDKs/jdk-17.0.7/!/modules/jdk.internal.vm.ci/:/home/juan/NetBeansJDKs/jdk-17.0.7/!/modules/jdk.internal.vm.compiler/:/home/juan/NetBeansJDKs/jdk-17.0.7/!/modules/jdk.internal.vm.compiler.management/:/home/juan/NetBeansJDKs/jdk-17.0.7/!/modules/jdk.jartool/:/home/juan/NetBeansJDKs/jdk-17.0.7/!/modules/jdk.javadoc/:/home/juan/NetBeansJDKs/jdk-17.0.7/!/modules/jdk.jcmd/:/home/juan/NetBeansJDKs/jdk-17.0.7/!/modules/jdk.jconsole/:/home/juan/NetBeansJDKs/jdk-17.0.7/!/modules/jdk.jdeps/:/home/juan/NetBeansJDKs/jdk-17.0.7/!/modules/jdk.jdi/:/home/juan/NetBeansJDKs/jdk-17.0.7/!/modules/jdk.jdwp.agent/:/home/juan/NetBeansJDKs/jdk-17.0.7/!/modules/jdk.jfr/:/home/juan/NetBeansJDKs/jdk-17.0.7/!/modules/jdk.jlink/:/home/juan/NetBeansJDKs/jdk-17.0.7/!/modules/jdk.jpackage/:/home/juan/NetBeansJDKs/jdk-17.0.7/!/modules/jdk.jshell/:/home/juan/NetBeansJDKs/jdk-17.0.7/!/modules/jdk.jsobject/:/home/juan/NetBeansJDKs/jdk-17.0.7/!/modules/jdk.jstatd/:/home/juan/NetBeansJDKs/jdk-17.0.7/!/modules/jdk.localedata/:/home/juan/NetBeansJDKs/jdk-17.0.7/!/modules/jdk.management/:/home/juan/NetBeansJDKs/jdk-17.0.7/!/modules/jdk.management.agent/:/home/juan/NetBeansJDKs/jdk-17.0.7/!/modules/jdk.management.jfr/:/home/juan/NetBeansJDKs/jdk-17.0.7/!/modules/jdk.naming.dns/:/home/juan/NetBeansJDKs/jdk-17.0.7/!/modules/jdk.naming.rmi/:/home/juan/NetBeansJDKs/jdk-17.0.7/!/modules/jdk.net/:/home/juan/NetBeansJDKs/jdk-17.0.7/!/modules/jdk.nio.mapmode/:/home/juan/NetBeansJDKs/jdk-17.0.7/!/modules/jdk.random/:/home/juan/NetBeansJDKs/jdk-17.0.7/!/modules/jdk.sctp/:/home/juan/NetBeansJDKs/jdk-17.0.7/!/modules/jdk.security.auth/:/home/juan/NetBeansJDKs/jdk-17.0.7/!/modules/jdk.security.jgss/:/home/juan/NetBeansJDKs/jdk-17.0.7/!/modules/jdk.unsupported/:/home/juan/NetBeansJDKs/jdk-17.0.7/!/modules/jdk.unsupported.desktop/:/home/juan/NetBeansJDKs/jdk-17.0.7/!/modules/jdk.xml.dom/:/home/juan/NetBeansJDKs/jdk-17.0.7/!/modules/jdk.zipfs/" />
    <property name="build.sysclasspath" value="ignore" />
    <property name="manifest.encoding" value="UTF-8" />
    <property name="ap.supported.internal" value="true" />
    <property name="java.failonerror" value="true" />
    <property name="libs.javaee-api-8.0.maven-pom" value="" />
    <property name="run.modulepath" value="" />
    <property name="libs.javaee-endorsed-api-7.0.javadoc" value="/home/juan/Apps/netbeans/enterprise/docs/javaee-doc-api.jar" />
    <property name="libs.jaxws21.javadoc" value="/home/juan/Apps/netbeans/java/docs/jaxws-api-doc.zip" />
    <property name="jdk.debug" value="release" />
    <property name="libs.spring-webmvc4.0.javadoc" value="" />
    <property name="includes" value="**" />
    <property name="user.country" value="US" />
    <property name="manifest.file" value="manifest.mf" />
    <property name="javadoc.encoding" value="UTF-8" />
    <property name="platform.home" value="/home/juan/NetBeansJDKs/jdk1.8.0_371" />
    <property name="javac.classpath" value="" />
    <property name="libs.jsp-compilation-syscp.src" value="" />
    <property name="libs.spring-framework400.classpath" value="/home/juan/Apps/netbeans/platform/modules/org-apache-commons-logging.jar:/home/juan/Apps/netbeans/java/modules/ext/cglib-2.2.jar:/home/juan/Apps/netbeans/java/modules/ext/spring-4/spring-aop-4.3.29.RELEASE.jar:/home/juan/Apps/netbeans/java/modules/ext/spring-4/spring-aspects-4.3.29.RELEASE.jar:/home/juan/Apps/netbeans/java/modules/ext/spring-4/spring-beans-4.3.29.RELEASE.jar:/home/juan/Apps/netbeans/java/modules/ext/spring-4/spring-context-4.3.29.RELEASE.jar:/home/juan/Apps/netbeans/java/modules/ext/spring-4/spring-context-support-4.3.29.RELEASE.jar:/home/juan/Apps/netbeans/java/modules/ext/spring-4/spring-core-4.3.29.RELEASE.jar:/home/juan/Apps/netbeans/java/modules/ext/spring-4/spring-expression-4.3.29.RELEASE.jar:/home/juan/Apps/netbeans/java/modules/ext/spring-4/spring-instrument-4.3.29.RELEASE.jar:/home/juan/Apps/netbeans/java/modules/ext/spring-4/spring-instrument-tomcat-4.3.29.RELEASE.jar:/home/juan/Apps/netbeans/java/modules/ext/spring-4/spring-jdbc-4.3.29.RELEASE.jar:/home/juan/Apps/netbeans/java/modules/ext/spring-4/spring-jms-4.3.29.RELEASE.jar:/home/juan/Apps/netbeans/java/modules/ext/spring-4/spring-messaging-4.3.29.RELEASE.jar:/home/juan/Apps/netbeans/java/modules/ext/spring-4/spring-orm-4.3.29.RELEASE.jar:/home/juan/Apps/netbeans/java/modules/ext/spring-4/spring-oxm-4.3.29.RELEASE.jar:/home/juan/Apps/netbeans/java/modules/ext/spring-4/spring-test-4.3.29.RELEASE.jar:/home/juan/Apps/netbeans/java/modules/ext/spring-4/spring-tx-4.3.29.RELEASE.jar:/home/juan/Apps/netbeans/java/modules/ext/spring-4/spring-web-4.3.29.RELEASE.jar:/home/juan/Apps/netbeans/java/modules/ext/spring-4/spring-webmvc-4.3.29.RELEASE.jar:/home/juan/Apps/netbeans/java/modules/ext/spring-4/spring-webmvc-portlet-4.3.29.RELEASE.jar:/home/juan/Apps/netbeans/java/modules/ext/spring-4/spring-websocket-4.3.29.RELEASE.jar" />
    <property name="platform.bootcp" value="/home/juan/NetBeansJDKs/jdk1.8.0_371/jre/lib/resources.jar:/home/juan/NetBeansJDKs/jdk1.8.0_371/jre/lib/rt.jar:/home/juan/NetBeansJDKs/jdk1.8.0_371/jre/lib/jsse.jar:/home/juan/NetBeansJDKs/jdk1.8.0_371/jre/lib/jce.jar:/home/juan/NetBeansJDKs/jdk1.8.0_371/jre/lib/charsets.jar:/home/juan/NetBeansJDKs/jdk1.8.0_371/jre/lib/jfr.jar:/home/juan/NetBeansJDKs/jdk1.8.0_371/jre/classes:/home/juan/NetBeansJDKs/jdk1.8.0_371/jre/lib/ext/nashorn.jar:/home/juan/NetBeansJDKs/jdk1.8.0_371/jre/lib/ext/zipfs.jar:/home/juan/NetBeansJDKs/jdk1.8.0_371/jre/lib/ext/sunec.jar:/home/juan/NetBeansJDKs/jdk1.8.0_371/jre/lib/ext/sunjce_provider.jar:/home/juan/NetBeansJDKs/jdk1.8.0_371/jre/lib/ext/sunpkcs11.jar:/home/juan/NetBeansJDKs/jdk1.8.0_371/jre/lib/ext/dnsns.jar:/home/juan/NetBeansJDKs/jdk1.8.0_371/jre/lib/ext/localedata.jar:/home/juan/NetBeansJDKs/jdk1.8.0_371/jre/lib/ext/cldrdata.jar:/home/juan/NetBeansJDKs/jdk1.8.0_371/jre/lib/ext/jaccess.jar:/home/juan/NetBeansJDKs/jdk1.8.0_371/jre/lib/ext/jfxrt.jar" />
    <property name="debug-transport" value="dt_socket" />
    <property name="netbeans.home" value="/home/juan/Apps/netbeans/platform" />
    <property name="build.compiler.emacs" value="true" />
    <property name="libs.javaee-web-api-6.0.src" value="" />
    <property name="libs.jakartaee-api-10.0.src" value="" />
    <property name="libs.jsp-compilation-syscp.classpath" value="/home/juan/Apps/netbeans/extide/ant/lib/ant.jar:/home/juan/Apps/netbeans/enterprise/modules/ext/servlet4.0-jsp2.3-api.jar:/home/juan/Apps/netbeans/enterprise/modules/ext/glassfish-jspparser-5.1.0.jar:/home/juan/Apps/netbeans/enterprise/modules/ext/jstl-impl.jar:/home/juan/Apps/netbeans/enterprise/modules/ext/jsf-2_2/javax.faces.jar" />
    <property name="platforms.JDK_17.0.7.home" value="/home/juan/NetBeansJDKs/jdk-17.0.7" />
    <property name="javac.modulepath" value="" />
    <property name="java.endorsed.dirs" value="/home/juan/NetBeansJDKs/jdk1.8.0_371/jre/lib/endorsed" />
    <property name="awt.useSystemAAFontSettings" value="lcd_hrgb" />
    <property name="libs.groovy-all.src" value="" />
    <property name="libs.junit_5.src" value="/home/juan/Apps/netbeans/platform/docs/junit-jupiter-api-5.6.0-sources.jar:/home/juan/Apps/netbeans/platform/docs/junit-jupiter-params-5.6.0-sources.jar:/home/juan/Apps/netbeans/platform/docs/junit-jupiter-engine-5.6.0-sources.jar" />
    <property name="libs.jakartaee-api-8.0.classpath" value="/home/juan/Apps/netbeans/enterprise/modules/ext/jakarta.jakartaee-api-8.0.0.jar" />
    <property name="netbeans.dynamic.classpath" value="/home/juan/Apps/netbeans/platform/core/asm-9.4.jar:/home/juan/Apps/netbeans/platform/core/asm-commons-9.4.jar:/home/juan/Apps/netbeans/platform/core/asm-tree-9.4.jar:/home/juan/Apps/netbeans/platform/core/core-base.jar:/home/juan/Apps/netbeans/platform/core/core.jar:/home/juan/Apps/netbeans/platform/core/org-netbeans-libs-asm.jar:/home/juan/Apps/netbeans/platform/core/org-openide-filesystems-compat8.jar:/home/juan/Apps/netbeans/platform/core/org-openide-filesystems.jar:/home/juan/Apps/netbeans/platform/core/asm-9.5.jar:/home/juan/Apps/netbeans/platform/core/asm-commons-9.5.jar:/home/juan/Apps/netbeans/platform/core/asm-tree-9.5.jar:/home/juan/Apps/netbeans/nb/core/org-netbeans-upgrader.jar:/home/juan/Apps/netbeans/nb/core/locale/core_nb.jar" />
    <property name="java.vm.specification.version" value="1.8" />
    <property name="libs.Connector_J.src" value="" />
    <property name="plugin.manager.check.updates" value="false" />
    <property name="libs.primefaces.classpath" value="/home/juan/Apps/netbeans/enterprise/modules/ext/primefaces/primefaces-5.0.jar" />
    <property name="libs.javaee-api-6.0.classpath" value="/home/juan/Apps/netbeans/enterprise/modules/ext/javaee-api-6.0.jar" />
    <property name="libs.groovy-all.maven-pom" value="" />
    <property name="netbeans.productversion" value="Apache NetBeans IDE 18" />
    <property name="libs.jaxws21.src" value="" />
    <property name="do.archive" value="true" />
    <property name="platforms.JDK_1.8.0_371.compiler" value="modern" />
    <property name="libs.spring-webmvc5.0.classpath" value="/home/juan/Apps/netbeans/java/modules/ext/spring-5/spring-webmvc-5.2.9.RELEASE.jar" />
    <property name="netbeans.autoupdate.language" value="en" />
    <property name="java.vendor" value="Oracle Corporation" />
    <property name="libs.javaee-api-6.0.javadoc" value="/home/juan/Apps/netbeans/enterprise/docs/javaee-doc-api.jar" />
    <property name="sun.font.fontmanager" value="sun.awt.X11FontManager" />
    <property name="jar.index.metainf" value="false" />
    <property name="javac.debug" value="true" />
    <property name="javadoc.splitindex" value="true" />
    <property name="file.separator" value="/" />
    <property name="libs.junit_4.maven-pom" value="" />
    <property name="mkdist.disabled" value="false" />
    <property name="javac.test.processorpath" value=":build/classes:/home/juan/Apps/netbeans/platform/modules/ext/junit-4.13.2.jar:/home/juan/NetBeansProjects/JUnit/hamcrest-core-1.3.jar" />
    <property name="netbeans.buildnumber" value="18-7d33005615b3c744564f3d38ab9ef14bf8c3ec44" />
    <property name="libs.JWSAntTasks.javadoc" value="" />
    <property name="build.generated.sources.dir" value="build/generated-sources" />
    <property name="libs.eclipselinkmodelgen.classpath" value="/home/juan/Apps/netbeans/java/modules/ext/eclipselink/org.eclipse.persistence.jpa.modelgen.processor-2.7.12.jar" />
    <property name="libs.javaee-endorsed-api-7.0.src" value="" />
    <property name="sun.java.launcher" value="SUN_STANDARD" />
    <property name="libs.jaxb.javadoc" value="/home/juan/Apps/netbeans/ide/docs/jaxb-api-doc.jar" />
    <property name="libs.struts.classpath" value="/home/juan/Apps/netbeans/enterprise/modules/ext/struts/antlr-2.7.2.jar:/home/juan/Apps/netbeans/enterprise/modules/ext/struts/bsf-2.3.0.jar:/home/juan/Apps/netbeans/enterprise/modules/ext/struts/commons-beanutils-1.8.0.jar:/home/juan/Apps/netbeans/enterprise/modules/ext/struts/commons-chain-1.2.jar:/home/juan/Apps/netbeans/enterprise/modules/ext/struts/commons-digester-1.8.jar:/home/juan/Apps/netbeans/enterprise/modules/ext/struts/commons-fileupload-1.1.1.jar:/home/juan/Apps/netbeans/enterprise/modules/ext/struts/commons-io-1.1.jar:/home/juan/Apps/netbeans/enterprise/modules/ext/struts/commons-logging-1.0.4.jar:/home/juan/Apps/netbeans/enterprise/modules/ext/struts/commons-validator-1.3.1.jar:/home/juan/Apps/netbeans/enterprise/modules/ext/struts/jstl-1.0.2.jar:/home/juan/Apps/netbeans/enterprise/modules/ext/struts/oro-2.0.8.jar:/home/juan/Apps/netbeans/enterprise/modules/ext/struts/standard-1.0.6.jar:/home/juan/Apps/netbeans/enterprise/modules/ext/struts/struts-core-1.3.10.jar:/home/juan/Apps/netbeans/enterprise/modules/ext/struts/struts-el-1.3.10.jar:/home/juan/Apps/netbeans/enterprise/modules/ext/struts/struts-extras-1.3.10.jar:/home/juan/Apps/netbeans/enterprise/modules/ext/struts/struts-faces-1.3.10.jar:/home/juan/Apps/netbeans/enterprise/modules/ext/struts/struts-mailreader-dao-1.3.10.jar:/home/juan/Apps/netbeans/enterprise/modules/ext/struts/struts-scripting-1.3.10.jar:/home/juan/Apps/netbeans/enterprise/modules/ext/struts/struts-taglib-1.3.10.jar:/home/juan/Apps/netbeans/enterprise/modules/ext/struts/struts-tiles-1.3.10.jar" />
    <property name="ant.home" value="/home/juan/Apps/netbeans/extide/ant" />
    <property name="libs.junit_4.src" value="/home/juan/Apps/netbeans/platform/docs/junit-4.13.2-sources.jar" />
    <property name="libs.hamcrest-core-1.3.classpath" value="/home/juan/NetBeansProjects/JUnit/hamcrest-core-1.3.jar" />
    <property name="apple.awt.application.appearance" value="system" />
    <property name="libs.testng.classpath" value="/home/juan/Apps/netbeans/platform/modules/ext/testng-6.14.3.jar:/home/juan/Apps/netbeans/platform/modules/ext/jcommander-1.78.jar" />
    <property name="ant.file.type.BackendJavaJUnit" value="file" />
    <property name="libs.absolutelayout.maven-pom" value="" />
    <property name="ant.java.version" value="17" />
    <property name="java.library.path" value="/usr/java/packages/lib/amd64:/usr/lib64:/lib64:/lib:/usr/lib" />
    <property name="javadoc.author" value="false" />
    <property name="libs.metro.maven-pom" value="" />
    <property name="java.util.logging.config.class" value="org.netbeans.core.startup.TopLogging" />
    <property name="platforms.JDK_1.8.0_371.home" value="/home/juan/NetBeansJDKs/jdk1.8.0_371" />
    <property name="libs.spring-framework400.src" value="" />
    <property name="libs.PostgreSQLDriver.src" value="" />
    <property name="libs.graaljs.javadoc" value="" />
    <property name="libs.jakartaee-web-api-9.0.maven-pom" value="" />
    <property name="libs.jakartaee-api-10.0.classpath" value="/home/juan/Apps/netbeans/enterprise/modules/ext/jakarta.jakartaee-api-10.0.0.jar" />
    <property name="libs.spring-framework500.javadoc" value="" />
    <property name="libs.graaljs.src" value="" />
    <property name="sun.arch.data.model" value="64" />
    <property name="basedir" value="/home/juan/NetBeansProjects/BackendJavaJUnit" />
    <property name="libs.jpa20-persistence.maven-pom" value="" />
    <property name="jar.compress" value="false" />
    <property name="libs.javaee-web-api-7.0.classpath" value="/home/juan/Apps/netbeans/enterprise/modules/ext/javaee-web-api-7.0.jar" />
    <property name="path.separator" value=":" />
    <property name="libs.javaee-web-api-6.0.javadoc" value="/home/juan/Apps/netbeans/enterprise/docs/javaee-doc-api.jar" />
    <property name="ant.junit.enabletestlistenerevents" value="true" />
    <property name="libs.hamcrest-core-1.3.javadoc" value="/home/juan/NetBeansProjects/JUnit/hamcrest-core-1.3-javadoc.jar" />
    <property name="platform.javac" value="/home/juan/NetBeansJDKs/jdk1.8.0_371/bin/javac" />
    <property name="sun.io.unicode.encoding" value="UnicodeLittle" />
    <property name="libs.jaxws21.classpath" value="/home/juan/Apps/netbeans/java/modules/ext/jaxws22/api/jakarta.jws-api.jar:/home/juan/Apps/netbeans/java/modules/ext/jaxws22/api/jakarta.xml.soap-api.jar:/home/juan/Apps/netbeans/java/modules/ext/jaxws22/api/jakarta.xml.ws-api.jar:/home/juan/Apps/netbeans/java/modules/ext/jaxws22/FastInfoset.jar:/home/juan/Apps/netbeans/java/modules/ext/jaxws22/gmbal-api-only.jar:/home/juan/Apps/netbeans/java/modules/ext/jaxws22/ha-api.jar:/home/juan/Apps/netbeans/java/modules/ext/jaxws22/jakarta.mail.jar:/home/juan/Apps/netbeans/java/modules/ext/jaxws22/jaxws-rt.jar:/home/juan/Apps/netbeans/java/modules/ext/jaxws22/jaxws-tools.jar:/home/juan/Apps/netbeans/java/modules/ext/jaxws22/management-api.jar:/home/juan/Apps/netbeans/java/modules/ext/jaxws22/mimepull.jar:/home/juan/Apps/netbeans/java/modules/ext/jaxws22/policy.jar:/home/juan/Apps/netbeans/java/modules/ext/jaxws22/saaj-impl.jar:/home/juan/Apps/netbeans/java/modules/ext/jaxws22/stax-ex.jar:/home/juan/Apps/netbeans/java/modules/ext/jaxws22/stax2-api.jar:/home/juan/Apps/netbeans/java/modules/ext/jaxws22/streambuffer.jar:/home/juan/Apps/netbeans/java/modules/ext/jaxws22/woodstox-core.jar:/home/juan/Apps/netbeans/ide/modules/ext/jaxb/api/jaxb-api.jar:/home/juan/Apps/netbeans/ide/modules/ext/jaxb/activation.jar:/home/juan/Apps/netbeans/ide/modules/ext/jaxb/jaxb-impl.jar:/home/juan/Apps/netbeans/ide/modules/ext/jaxb/jaxb-xjc.jar" />
    <property name="dist.jlink.output" value="dist/jlink/BackendJavaJUnit" />
    <property name="libs.struts.src" value="" />
    <property name="compile.on.save" value="true" />
    <property name="apple.awt.graphics.UseQuartz" value="true" />
    <property name="user.language" value="en" />
    <property name="libs.MariaDB_Connector_J.src" value="" />
    <property name="testng.mode" value="testng" />
    <property name="libs.JAXB-ENDORSED.maven-pom" value="" />
    <property name="libs.eclipselink.maven-pom" value="" />
    <property name="org.netbeans.io.suspend" value="0" />
    <property name="test.binaryincludes" value="&lt;nothing&gt;" />
    <property name="libs.MariaDB_Connector_J.maven-pom" value="" />
    <property name="manifest.available" value="true" />
    <property name="libs.primefaces.javadoc" value="" />
    <property name="libs.jakartaee-web-api-10.0.maven-pom" value="" />
    <property name="libs.spring-framework300.maven-pom" value="" />
    <property name="run.test.classpath" value=":build/classes:/home/juan/Apps/netbeans/platform/modules/ext/junit-4.13.2.jar:/home/juan/NetBeansProjects/JUnit/hamcrest-core-1.3.jar:build/test/classes" />
    <property name="ant.project.invoked-targets" value="test" />
    <property name="test.binaryexcludes" value="" />
    <property name="sun.java2d.dpiaware" value="true" />
    <property name="https.nonProxyHosts" value="localhost|127.0.0.1|localhost.localdomain" />
    <property name="libs.PostgreSQLDriver.maven-pom" value="" />
    <property name="java.class.version" value="52.0" />
    <property name="libs.Connector_J.maven-pom" value="" />
    <property name="libs.javaee-endorsed-api-6.0.src" value="" />
    <property name="libs.eclipselink.javadoc" value="/home/juan/Apps/netbeans/java/modules/ext/docs/jakarta.persistence-2.2.3-doc.zip" />
    <property name="libs.jsp-compilation.maven-pom" value="" />
    <property name="user.properties.file" value="/home/juan/.netbeans/18/build.properties" />
    <property name="ant.file.BackendJavaJUnit-impl" value="/home/juan/NetBeansProjects/BackendJavaJUnit/nbproject/build-impl.xml" />
    <property name="runtime.encoding" value="UTF-8" />
    <property name="file.encoding.pkg" value="sun.io" />
    <property name="sun.cpu.endian" value="little" />
    <property name="libs.JAXB-ENDORSED.javadoc" value="" />
    <property name="libs.JWSAntTasks.classpath" value="/home/juan/Apps/netbeans/java/ant/extra/org-netbeans-modules-javawebstart-anttasks.jar" />
    <property name="libs.spring-webmvc4.0.maven-pom" value="" />
    <property name="libs.spring-framework300.src" value="" />
    <property name="libs.jstl.src" value="" />
    <property name="empty.dir" value="/home/juan/NetBeansProjects/BackendJavaJUnit/build/empty" />
    <property name="test.binarytestincludes" value="" />
    <property name="javadoc.preview" value="true" />
    <property name="platforms.JDK_17.0.7.compiler" value="modern" />
    <property name="libs.jpa20-persistence.javadoc" value="/home/juan/Apps/netbeans/java/modules/ext/docs/jakarta.persistence-2.2.3-doc.zip" />
    <property name="java.home" value="/home/juan/NetBeansJDKs/jdk1.8.0_371/jre" />
    <property name="libs.jsp-compilation.src" value="" />
    <property name="libs.jakartaee-web-api-8.0.javadoc" value="/home/juan/Apps/netbeans/enterprise/docs/jakartaee8-doc-api.jar" />
    <property name="debug.test.classpath" value=":build/classes:/home/juan/Apps/netbeans/platform/modules/ext/junit-4.13.2.jar:/home/juan/NetBeansProjects/JUnit/hamcrest-core-1.3.jar:build/test/classes" />
    <property name="libs.javaee-endorsed-api-6.0.classpath" value="/home/juan/Apps/netbeans/enterprise/modules/ext/javaee6-endorsed/javax.annotation.jar:/home/juan/Apps/netbeans/enterprise/modules/ext/javaee6-endorsed/jaxb-api-osgi.jar:/home/juan/Apps/netbeans/enterprise/modules/ext/javaee6-endorsed/webservices-api-osgi.jar" />
    <property name="libs.javaee-api-6.0.src" value="" />
    <property name="netbeans.importclass" value="org.netbeans.upgrade.AutoUpgrade" />
    <property name="ant.project.default-target" value="default" />
    <property name="annotation.processing.run.all.processors" value="true" />
    <property name="jna.nosys" value="false" />
    <property name="libs.jakartaee-web-api-10.0.javadoc" value="/home/juan/Apps/netbeans/enterprise/docs/jakartaee10-doc-api.jar" />
    <property name="libs.PostgreSQLDriver.javadoc" value="" />
    <property name="libs.restlib.classpath" value="/home/juan/Apps/netbeans/enterprise/modules/ext/jersey2/jakarta.annotation-api-1.3.5.jar:/home/juan/Apps/netbeans/enterprise/modules/ext/jersey2/jakarta.persistence-api-2.2.3.jar:/home/juan/Apps/netbeans/enterprise/modules/ext/jersey2/jakarta.servlet-api-4.0.4.jar:/home/juan/Apps/netbeans/enterprise/modules/ext/jersey2/jakarta.validation-api-2.0.2.jar:/home/juan/Apps/netbeans/enterprise/modules/ext/jersey2/jakarta.xml.bind-api-2.3.3.jar:/home/juan/Apps/netbeans/enterprise/modules/ext/jersey2/jersey-client-2.34.jar:/home/juan/Apps/netbeans/enterprise/modules/ext/jersey2/jersey-common-2.34.jar:/home/juan/Apps/netbeans/enterprise/modules/ext/jersey2/jersey-server-2.34.jar:/home/juan/Apps/netbeans/enterprise/modules/ext/jersey2/jersey-entity-filtering-2.34.jar:/home/juan/Apps/netbeans/enterprise/modules/ext/jersey2/jersey-hk2-2.34.jar:/home/juan/Apps/netbeans/enterprise/modules/ext/jersey2/jersey-media-moxy-2.34.jar:/home/juan/Apps/netbeans/enterprise/modules/ext/jersey2/jersey-container-servlet-2.34.jar:/home/juan/Apps/netbeans/enterprise/modules/ext/jersey2/jersey-container-servlet-core-2.34.jar:/home/juan/Apps/netbeans/enterprise/modules/ext/jersey2/hk2-api-2.6.1.jar:/home/juan/Apps/netbeans/enterprise/modules/ext/jersey2/hk2-locator-2.6.1.jar:/home/juan/Apps/netbeans/enterprise/modules/ext/jersey2/hk2-utils-2.6.1.jar:/home/juan/Apps/netbeans/enterprise/modules/ext/jersey2/jakarta.inject-2.6.1.jar:/home/juan/Apps/netbeans/enterprise/modules/ext/jersey2/aopalliance-repackaged-2.6.1.jar:/home/juan/Apps/netbeans/enterprise/modules/ext/jersey2/osgi.core-8.0.0.jar:/home/juan/Apps/netbeans/enterprise/modules/ext/jersey2/osgi-resource-locator-1.0.3.jar:/home/juan/Apps/netbeans/java/modules/ext/eclipselink/org.eclipse.persistence.core-2.7.12.jar:/home/juan/Apps/netbeans/java/modules/ext/eclipselink/org.eclipse.persistence.asm-9.4.0.jar:/home/juan/Apps/netbeans/java/modules/ext/eclipselink/org.eclipse.persistence.antlr-2.7.12.jar:/home/juan/Apps/netbeans/java/modules/ext/eclipselink/org.eclipse.persistence.jpa-2.7.12.jar:/home/juan/Apps/netbeans/java/modules/ext/eclipselink/org.eclipse.persistence.jpa.jpql-2.7.12.jar:/home/juan/Apps/netbeans/java/modules/ext/eclipselink/org.eclipse.persistence.moxy-2.7.12.jar" />
    <property name="netbeans.extbrowser.manual_chrome_plugin_install" value="yes" />
    <property name="libs.jakartaee-api-9.0.classpath" value="/home/juan/Apps/netbeans/enterprise/modules/ext/jakarta.jakartaee-api-9.0.0.jar" />
    <property name="http.nonProxyHosts" value="localhost|127.0.0.1|localhost.localdomain" />
    <property name="libs.junit_4.javadoc" value="/home/juan/Apps/netbeans/platform/docs/junit-4.13.2-javadoc.jar" />
    <property name="javac.test.modulepath" value="" />
    <property name="libs.javaee-web-api-6.0.maven-pom" value="" />
    <property name="run.classpath" value=":build/classes" />
    <property name="jna.boot.library.name" value="jnidispatch-nb" />
    <property name="libs.javaee-endorsed-api-6.0.javadoc" value="/home/juan/Apps/netbeans/enterprise/docs/javaee-doc-api.jar" />
    <property name="libs.javaee-api-7.0.classpath" value="/home/juan/Apps/netbeans/enterprise/modules/ext/javaee-api-7.0.jar" />
    <property name="sun.awt.datatransfer.timeout" value="1000" />
    <property name="libs.jakartaee-api-9.0.src" value="" />
    <property name="libs.spring-webmvc3.0.javadoc" value="" />
    <property name="ant.file.BackendJavaJUnit" value="/home/juan/NetBeansProjects/BackendJavaJUnit/build.xml" />
    <property name="annotation.processing.enabled.in.editor" value="false" />
    <property name="libs.MariaDB_Connector_J.javadoc" value="" />
    <property name="nb.native.filechooser" value="false" />
    <property name="libs.restapi.src" value="" />
    <property name="sun.management.compiler" value="HotSpot 64-Bit Tiered Compilers" />
    <property name="javac.deprecation" value="false" />
    <property name="javadoc.use" value="true" />
    <property name="sun.java2d.noddraw" value="true" />
    <property name="libs.jsp-compiler.classpath" value="/home/juan/Apps/netbeans/enterprise/ant/extra/jspcompile.jar" />
    <property name="javac.processorpath" value="" />
    <property name="libs.hamcrest.maven-pom" value="" />
    <property name="libs.junit_5.classpath" value="/home/juan/Apps/netbeans/platform/modules/ext/junit-jupiter-api-5.6.0.jar:/home/juan/Apps/netbeans/platform/modules/ext/junit-jupiter-params-5.6.0.jar:/home/juan/Apps/netbeans/platform/modules/ext/junit-jupiter-engine-5.6.0.jar" />
    <property name="javac.compilerargs" value="" />
    <property name="ant.file" value="/home/juan/NetBeansProjects/BackendJavaJUnit/build.xml" />
    <property name="libs.jsf12.classpath" value="/home/juan/Apps/netbeans/enterprise/modules/ext/jsf-1_2/jsf-api.jar:/home/juan/Apps/netbeans/enterprise/modules/ext/jsf-1_2/jsf-impl.jar" />
    <property name="libs.jstl.maven-pom" value="" />
    <property name="libs.restapi.maven-pom" value="" />
    <property name="java.vm.specification.vendor" value="Oracle Corporation" />
    <property name="org.openide.major.version" value="IDE/1" />
    <property name="java.vm.name" value="Java HotSpot(TM) 64-Bit Server VM" />
    <property name="netbeans.user" value="/home/juan/.netbeans/18" />
    <property name="javadoc.additionalparam" value="" />
    <property name="java.io.tmpdir" value="/tmp" />
    <property name="java.vendor.url" value="http://java.oracle.com/" />
    <property name="endorsed.classpath.cmd.line.arg" value="" />
    <property name="jna.loaded" value="true" />
    <property name="junit.available" value="true" />
    <property name="libs.javaee-web-api-8.0.classpath" value="/home/juan/Apps/netbeans/enterprise/modules/ext/javaee-web-api-8.0.jar" />
    <property name="libs.jakartaee-api-9.0.javadoc" value="/home/juan/Apps/netbeans/enterprise/docs/jakartaee9-doc-api.jar" />
    <property name="libs.jsp-compiler.src" value="" />
    <property name="libs.jakartaee-web-api-9.0.classpath" value="/home/juan/Apps/netbeans/enterprise/modules/ext/jakarta.jakartaee-web-api-9.0.0.jar" />
    <property name="sun.boot.library.path" value="/home/juan/NetBeansJDKs/jdk1.8.0_371/jre/lib/amd64" />
    <property name="have.sources" value="true" />
    <property name="libs.graaljs.classpath" value="/home/juan/Apps/netbeans/webcommon/modules/ext/js-20.3.0.jar:/home/juan/Apps/netbeans/webcommon/modules/ext/js-launcher-20.3.0.jar:/home/juan/Apps/netbeans/webcommon/modules/ext/regex-20.3.0.jar:/home/juan/Apps/netbeans/webcommon/modules/ext/icu4j-67.1.jar:/home/juan/Apps/netbeans/ide/modules/ext/graal-sdk-20.3.0.jar:/home/juan/Apps/netbeans/ide/modules/ext/launcher-common-20.3.0.jar:/home/juan/Apps/netbeans/ide/modules/ext/truffle-api-20.3.0.jar" />
    <property name="libs.hamcrest.javadoc" value="/home/juan/NetBeansProjects/JUnit/hamcrest-core-1.3-javadoc.jar" />
    <property name="debug.classpath" value=":build/classes" />
    <property name="javac.external.vm" value="true" />
    <property name="javadoc.private" value="false" />
    <property name="libs.jakartaee-api-8.0.src" value="" />
    <property name="test.src.dir" value="test" />
    <property name="libs.jakartaee-web-api-9.0.src" value="" />
    <property name="libs.jsf20.classpath" value="/home/juan/Apps/netbeans/enterprise/modules/ext/jsf-2_2/javax.faces.jar" />
    <property name="ap.processors.internal" value="" />
    <property name="dist.jlink.dir" value="dist/jlink" />
    <property name="libs.javaee-api-8.0.javadoc" value="/home/juan/Apps/netbeans/enterprise/docs/javaee-doc-api.jar" />
    <property name="meta.inf.dir" value="src/META-INF" />
    <property name="javadoc.encoding.used" value="UTF-8" />
    <property name="libs.hamcrest-core-1.3.src" value="/home/juan/NetBeansProjects/JUnit/hamcrest-core-1.3-sources.jar" />
    <property name="dist.jar" value="dist/BackendJavaJUnit.jar" />
    <property name="libs.spring-framework400.maven-pom" value="" />
    <property name="java.runtime.name" value="Java(TM) SE Runtime Environment" />
    <property name="debug.test.modulepath" value="" />
    <property name="ant.project.name" value="BackendJavaJUnit" />
    <property name="libs.spring-webmvc5.0.src" value="" />
    <property name="flatlaf.updateUIOnSystemFontChange" value="false" />
    <property name="netbeans.hash.code" value="unique=0a3e25ad3-2648-46d3-9a6f-15b6acb5b666_af26b943-5a04-414f-8917-911d7dcc37a0" />
    <property name="netbeans.default_userdir_root" value="/home/juan/.netbeans" />
    <property name="libs.jsp-compilation-syscp.maven-pom" value="" />
    <property name="platform.javadoc" value="/home/juan/NetBeansJDKs/jdk1.8.0_371/bin/javadoc" />
    <property name="platform.javadoc.tmp" value="${platforms.JDK_1.8.0_371.javadoc}" />
    <property name="sun.cpu.isalist" value="" />
    <property name="libs.jakartaee-web-api-8.0.classpath" value="/home/juan/Apps/netbeans/enterprise/modules/ext/jakarta.jakartaee-web-api-8.0.0.jar" />
    <property name="libs.spring-framework400.javadoc" value="" />
    <property name="libs.CopyLibs.javadoc" value="" />
    <property name="platform.compiler" value="${platforms.JDK_1.8.0_371.compile}" />
    <property name="libs.jakartaee-api-8.0.maven-pom" value="" />
    <property name="org.openide.specification.version" value="6.2" />
    <property name="javadoc.html5" value="false" />
    <property name="user.home" value="/home/juan" />
    <property name="annotation.processing.processors.list" value="" />
    <property name="libs.primefaces.maven-pom" value="" />
    <property name="sun.zip.disableMemoryMapping" value="true" />
    <property name="libs.javaee-api-6.0.maven-pom" value="" />
    <property name="libs.JWSAntTasks.src" value="" />
    <property name="platform.javac.tmp" value="${platforms.JDK_1.8.0_371.javac}" />
    <property name="libs.CopyLibs.maven-pom" value="" />
    <property name="jar.index" value="false" />
    <property name="libs.absolutelayout.javadoc" value="" />
    <property name="libs.spring-framework300.javadoc" value="" />
    <property name="java.specification.name" value="Java Platform API Specification" />
    <property name="guice.disable.misplaced.annotation.check" value="true" />
    <property name="libs.spring-webmvc5.0.maven-pom" value="" />
    <property name="do.archive+main.class.available" value="true" />
    <property name="java.specification.vendor" value="Oracle Corporation" />
    <property name="libs.Connector_J.javadoc" value="" />
    <property name="java.version" value="1.8.0_371" />
    <property name="javadoc.version" value="false" />
    <property name="run.jvmargs.ide" value="" />
    <property name="javac.processormodulepath" value="" />
    <property name="org.openide.version" value="deprecated" />
    <property name="source.encoding" value="UTF-8" />
    <property name="platform.java" value="/home/juan/NetBeansJDKs/jdk1.8.0_371/bin/java" />
    <property name="ap.cmd.line.internal" value="" />
    <property name="java.vm.compressedOopsMode" value="Zero based" />
    <property name="libs.eclipselinkmodelgen.maven-pom" value="" />
    <property name="libs.jsp-compilation-syscp.javadoc" value="" />
    <property name="libs.javaee-web-api-8.0.src" value="" />
    <property name="libs.javaee-endorsed-api-7.0.classpath" value="/home/juan/Apps/netbeans/enterprise/modules/ext/javaee7-endorsed/javax.annotation-api.jar:/home/juan/Apps/netbeans/enterprise/modules/ext/javaee7-endorsed/javax.xml.soap-api.jar:/home/juan/Apps/netbeans/enterprise/modules/ext/javaee7-endorsed/jaxb-api-osgi.jar:/home/juan/Apps/netbeans/enterprise/modules/ext/javaee7-endorsed/jaxws-api.jar:/home/juan/Apps/netbeans/enterprise/modules/ext/javaee7-endorsed/jsr181-api.jar" />
    <property name="libs.eclipselinkmodelgen.javadoc" value="" />
    <property name="libs.metro.javadoc" value="/home/juan/Apps/netbeans/enterprise/docs/webservices-api-javadoc.jar:/home/juan/Apps/netbeans/enterprise/docs/webservices-extra-javadoc.jar:/home/juan/Apps/netbeans/enterprise/docs/webservices-extra-api-javadoc.jar:/home/juan/Apps/netbeans/enterprise/docs/webservices-rt-javadoc.jar:/home/juan/Apps/netbeans/enterprise/docs/webservices-tools-javadoc.jar" />
    <property name="libs.struts.maven-pom" value="" />
    <property name="netbeans.home+have.tests" value="true" />
    <property name="libs.hamcrest-core-1.3.maven-pom" value="" />
    <property name="annotation.processing.processor.options" value="" />
    <property name="libs.testng.maven-pom" value="" />
    <property name="libs.jaxb.src" value="" />
    <property name="work.dir" value="/home/juan/NetBeansProjects/BackendJavaJUnit" />
    <property name="libs.jaxb.classpath" value="/home/juan/Apps/netbeans/ide/modules/ext/jaxb/jaxb-impl.jar:/home/juan/Apps/netbeans/ide/modules/ext/jaxb/jaxb-xjc.jar:/home/juan/Apps/netbeans/ide/modules/ext/jaxb/activation.jar:/home/juan/Apps/netbeans/ide/modules/ext/jaxb/api/jaxb-api.jar" />
    <property name="php.global.include.path" value="" />
    <property name="libs.jakartaee-api-10.0.maven-pom" value="" />
    <property name="do.depend" value="false" />
    <property name="dist.javadoc.dir" value="dist/javadoc" />
    <property name="libs.spring-webmvc3.0.classpath" value="/home/juan/Apps/netbeans/java/modules/ext/spring-3.0/spring-webmvc-3.2.18.RELEASE.jar" />
    <property name="libs.javaee-web-api-7.0.maven-pom" value="" />
    <property name="libs.restlib.src" value="" />
    <property name="javac.source" value="1.8" />
    <property name="build.generated.dir" value="build/generated" />
    <property name="java.version.date" value="2023-04-18" />
    <property name="line.separator" value="&#xa;" />
    <property name="libs.javaee-api-8.0.classpath" value="/home/juan/Apps/netbeans/enterprise/modules/ext/javaee-api-8.0.jar" />
    <property name="java.specification.version" value="1.8" />
    <property name="java.vm.info" value="mixed mode" />
    <property name="libs.jaxws21.maven-pom" value="" />
    <property name="nb.junit.batch" value="true" />
    <property name="junit.forkmode" value="perTest" />
    <property name="platform.java.tmp" value="${platforms.JDK_1.8.0_371.java}" />
    <property name="sun.boot.class.path" value="/home/juan/NetBeansJDKs/jdk1.8.0_371/jre/lib/resources.jar:/home/juan/NetBeansJDKs/jdk1.8.0_371/jre/lib/rt.jar:/home/juan/NetBeansJDKs/jdk1.8.0_371/jre/lib/jsse.jar:/home/juan/NetBeansJDKs/jdk1.8.0_371/jre/lib/jce.jar:/home/juan/NetBeansJDKs/jdk1.8.0_371/jre/lib/charsets.jar:/home/juan/NetBeansJDKs/jdk1.8.0_371/jre/lib/jfr.jar:/home/juan/NetBeansJDKs/jdk1.8.0_371/jre/classes" />
    <property name="javac.target" value="1.8" />
    <property name="built-jar.properties" value="/home/juan/NetBeansProjects/BackendJavaJUnit/build/built-jar.properties" />
    <property name="build.test.classes.dir" value="build/test/classes" />
    <property name="src.dir" value="src" />
    <property name="javac.test.compilerargs" value="" />
    <property name="annotation.processing.enabled" value="true" />
    <property name="libs.jsf20.src" value="" />
    <property name="libs.jpa20-persistence.src" value="" />
    <property name="libs.jsf12.src" value="" />
    <property name="libs.struts.javadoc" value="/home/juan/Apps/netbeans/enterprise/docs/struts-1.3.10-javadoc.zip" />
    <property name="ignore.failing.tests" value="true" />
    <property name="libs.javaee-web-api-7.0.src" value="" />
    <property name="libs.primefaces.src" value="" />
    <property name="dist.dir" value="dist" />
    <property name="libs.groovy-all.javadoc" value="" />
    <property name="jlink.launcher" value="true" />
    <property name="testng.debug.mode" value="" />
    <property name="libs.groovy-all.classpath" value="/home/juan/Apps/netbeans/groovy/modules/ext/groovy-3.0.8.jar:/home/juan/Apps/netbeans/groovy/modules/ext/groovy-ant-3.0.8.jar" />
    <property name="jlink.additionalparam" value="" />
    <property name="java.awt.printerjob" value="sun.print.PSPrinterJob" />
    <property name="default.javac.source" value="17" />
    <property name="debug-transport-by-os" value="dt_socket" />
    <property name="ant.file.type.BackendJavaJUnit-impl" value="file" />
    <property name="sun.jnu.encoding" value="UTF-8" />
    <property name="run.test.jvmargs" value="" />
    <property name="libs.jakartaee-api-10.0.javadoc" value="/home/juan/Apps/netbeans/enterprise/docs/jakartaee10-doc-api.jar" />
    <property name="build.test.results.dir" value="build/test/results" />
    <property name="java.runtime.version" value="1.8.0_371-b11" />
    <property name="jna.platform.library.path" value="/usr/lib64:/lib64:/usr/lib:/lib:/lib64/glibc-hwcaps/x86-64-v3:/usr/lib64/octave/8.2.0:/usr/lib64/R/lib:/usr/lib64/ghc-9.4.5/lib/x86_64-linux-ghc-9.4.5" />
    <property name="default.javac.target" value="17" />
    <property name="libs.junit_4.classpath" value="/home/juan/Apps/netbeans/platform/modules/ext/junit-4.13.2.jar" />
    <property name="user.timezone" value="" />
    <property name="flatlaf.nativeLibraryPath" value="system" />
    <property name="nb.junit.single" value="false" />
    <property name="libs.jakartaee-web-api-10.0.src" value="" />
    <property name="libs.javaee-endorsed-api-6.0.maven-pom" value="" />
    <property name="netbeans.dirs" value="/home/juan/Apps/netbeans/nb:/home/juan/Apps/netbeans/ergonomics:/home/juan/Apps/netbeans/ide:/home/juan/Apps/netbeans/extide:/home/juan/Apps/netbeans/java:/home/juan/Apps/netbeans/apisupport:/home/juan/Apps/netbeans/webcommon:/home/juan/Apps/netbeans/websvccommon:/home/juan/Apps/netbeans/enterprise:/home/juan/Apps/netbeans/mobility:/home/juan/Apps/netbeans/profiler:/home/juan/Apps/netbeans/python:/home/juan/Apps/netbeans/php:/home/juan/Apps/netbeans/identity:/home/juan/Apps/netbeans/harness:/home/juan/Apps/netbeans/cnd:/home/juan/Apps/netbeans/cndext:/home/juan/Apps/netbeans/cpplite:/home/juan/Apps/netbeans/dlight:/home/juan/Apps/netbeans/groovy:/home/juan/Apps/netbeans/extra:/home/juan/Apps/netbeans/javacard:/home/juan/Apps/netbeans/javafx:/home/juan/Apps/netbeans/rust:" />
    <property name="libs.spring-framework500.maven-pom" value="" />
    <property name="libs.jsf20.javadoc" value="/home/juan/Apps/netbeans/enterprise/docs/javaee-doc-api.jar" />
    <property name="libs.jstl.javadoc" value="/home/juan/Apps/netbeans/enterprise/docs/javaee-doc-api.jar" />
    <property name="java.ext.dirs" value="/home/juan/NetBeansJDKs/jdk1.8.0_371/jre/lib/ext:/usr/java/packages/lib/ext" />
    <property name="libs.metro.src" value="" />
    <property name="libs.absolutelayout.classpath" value="/home/juan/Apps/netbeans/java/modules/ext/AbsoluteLayout.jar" />
    <property name="excludes" value="" />
    <property name="libs.metro.classpath" value="/home/juan/Apps/netbeans/ide/modules/ext/jaxb/activation.jar:/home/juan/Apps/netbeans/enterprise/modules/ext/metro/webservices-api.jar:/home/juan/Apps/netbeans/enterprise/modules/ext/metro/webservices-extra-api.jar:/home/juan/Apps/netbeans/enterprise/modules/ext/metro/webservices-extra.jar:/home/juan/Apps/netbeans/enterprise/modules/ext/metro/webservices-rt.jar:/home/juan/Apps/netbeans/enterprise/modules/ext/metro/webservices-tools.jar" />
    <property name="libs.restlib.maven-pom" value="" />
    <property name="apple.laf.useScreenMenuBar" value="true" />
    <property name="java.class.path" value="/home/juan/NetBeansProjects/BackendJavaJUnit/build/classes:/home/juan/Apps/netbeans/platform/modules/ext/junit-4.13.2.jar:/home/juan/NetBeansProjects/JUnit/hamcrest-core-1.3.jar:/home/juan/NetBeansProjects/BackendJavaJUnit/build/test/classes:/home/juan/Apps/netbeans/extide/ant/lib/ant-launcher.jar:/home/juan/Apps/netbeans/extide/ant/lib/ant.jar:/home/juan/Apps/netbeans/extide/ant/lib/ant-junit.jar:/home/juan/Apps/netbeans/extide/ant/lib/ant-junit4.jar" />
    <property name="libs.absolutelayout.src" value="" />
    <property name="libs.jakartaee-api-9.0.maven-pom" value="" />
    <property name="libs.jpa20-persistence.classpath" value="/home/juan/Apps/netbeans/java/modules/ext/eclipselink/jakarta.persistence-2.2.3.jar" />
    <property name="libs.junit_5.javadoc" value="/home/juan/Apps/netbeans/platform/docs/junit-jupiter-api-5.6.0-javadoc.jar:/home/juan/Apps/netbeans/platform/docs/junit-jupiter-params-5.6.0-javadoc.jar:/home/juan/Apps/netbeans/platform/docs/junit-jupiter-engine-5.6.0-javadoc.jar" />
    <property name="libs.spring-framework500.src" value="" />
    <property name="os.version" value="6.4.3-1-default" />
    <property name="application.args" value="" />
    <property name="libs.jakartaee-api-8.0.javadoc" value="/home/juan/Apps/netbeans/enterprise/docs/jakartaee8-doc-api.jar" />
    <property name="libs.javaee-api-7.0.maven-pom" value="" />
    <property name="main.class.available" value="true" />
    <property name="sun.awt.enableExtraMouseButtons" value="true" />
    <property name="jlink.launcher.name" value="BackendJavaJUnit" />
    <property name="libs.restlib.javadoc" value="" />
    <property name="libs.JAXB-ENDORSED.classpath" value="/home/juan/Apps/netbeans/ide/modules/ext/jaxb/api/jaxb-api.jar" />
    <property name="nb.internal.action.name" value="test" />
    <property name="run.test.modulepath" value="" />
    <property name="libs.javaee-api-7.0.javadoc" value="/home/juan/Apps/netbeans/enterprise/docs/javaee-doc-api.jar" />
    <property name="libs.eclipselink.classpath" value="/home/juan/Apps/netbeans/java/modules/ext/eclipselink/org.eclipse.persistence.core-2.7.12.jar:/home/juan/Apps/netbeans/java/modules/ext/eclipselink/org.eclipse.persistence.asm-9.4.0.jar:/home/juan/Apps/netbeans/java/modules/ext/eclipselink/org.eclipse.persistence.antlr-2.7.12.jar:/home/juan/Apps/netbeans/java/modules/ext/eclipselink/org.eclipse.persistence.jpa-2.7.12.jar:/home/juan/Apps/netbeans/java/modules/ext/eclipselink/org.eclipse.persistence.jpa.jpql-2.7.12.jar:/home/juan/Apps/netbeans/java/modules/ext/eclipselink/org.eclipse.persistence.moxy-2.7.12.jar:/home/juan/Apps/netbeans/java/modules/ext/eclipselink/jakarta.persistence-2.2.3.jar" />
    <property name="java.awt.graphicsenv" value="sun.awt.X11GraphicsEnvironment" />
    <property name="libs.MariaDB_Connector_J.classpath" value="/home/juan/NetBeansJDKs/mariadb-java-client-3.1.4.jar" />
    <property name="java.vm.vendor" value="Oracle Corporation" />
    <property name="libs.CopyLibs.classpath" value="/home/juan/Apps/netbeans/java/ant/extra/org-netbeans-modules-java-j2seproject-copylibstask.jar" />
    <property name="libs.javaee-api-8.0.src" value="" />
    <property name="libs.jakartaee-web-api-10.0.classpath" value="/home/juan/Apps/netbeans/enterprise/modules/ext/jakarta.jakartaee-web-api-10.0.0.jar" />
    <property name="libs.spring-framework300.classpath" value="/home/juan/Apps/netbeans/platform/modules/org-apache-commons-logging.jar:/home/juan/Apps/netbeans/java/modules/ext/cglib-2.2.jar:/home/juan/Apps/netbeans/java/modules/ext/spring-3.0/spring-aop-3.2.18.RELEASE.jar:/home/juan/Apps/netbeans/java/modules/ext/spring-3.0/spring-aspects-3.2.18.RELEASE.jar:/home/juan/Apps/netbeans/java/modules/ext/spring-3.0/spring-beans-3.2.18.RELEASE.jar:/home/juan/Apps/netbeans/java/modules/ext/spring-3.0/spring-context-3.2.18.RELEASE.jar:/home/juan/Apps/netbeans/java/modules/ext/spring-3.0/spring-context-support-3.2.18.RELEASE.jar:/home/juan/Apps/netbeans/java/modules/ext/spring-3.0/spring-core-3.2.18.RELEASE.jar:/home/juan/Apps/netbeans/java/modules/ext/spring-3.0/spring-expression-3.2.18.RELEASE.jar:/home/juan/Apps/netbeans/java/modules/ext/spring-3.0/spring-instrument-3.2.18.RELEASE.jar:/home/juan/Apps/netbeans/java/modules/ext/spring-3.0/spring-instrument-tomcat-3.2.18.RELEASE.jar:/home/juan/Apps/netbeans/java/modules/ext/spring-3.0/spring-jdbc-3.2.18.RELEASE.jar:/home/juan/Apps/netbeans/java/modules/ext/spring-3.0/spring-jms-3.2.18.RELEASE.jar:/home/juan/Apps/netbeans/java/modules/ext/spring-3.0/spring-orm-3.2.18.RELEASE.jar:/home/juan/Apps/netbeans/java/modules/ext/spring-3.0/spring-oxm-3.2.18.RELEASE.jar:/home/juan/Apps/netbeans/java/modules/ext/spring-3.0/spring-struts-3.2.18.RELEASE.jar:/home/juan/Apps/netbeans/java/modules/ext/spring-3.0/spring-test-3.2.18.RELEASE.jar:/home/juan/Apps/netbeans/java/modules/ext/spring-3.0/spring-tx-3.2.18.RELEASE.jar:/home/juan/Apps/netbeans/java/modules/ext/spring-3.0/spring-web-3.2.18.RELEASE.jar:/home/juan/Apps/netbeans/java/modules/ext/spring-3.0/spring-webmvc-3.2.18.RELEASE.jar:/home/juan/Apps/netbeans/java/modules/ext/spring-3.0/spring-webmvc-portlet-3.2.18.RELEASE.jar" />
    <property name="libs.jsp-compiler.maven-pom" value="" />
    <property name="libs.junit_5.maven-pom" value="" />
    <property name="libs.hamcrest.src" value="/home/juan/NetBeansProjects/JUnit/hamcrest-core-1.3-sources.jar" />
    <property name="run.jvmargs" value="" />
    <property name="libs.JAXB-ENDORSED.src" value="" />
    <property name="dist.archive.excludes" value="" />
    <property name="libs.testng.javadoc" value="/home/juan/Apps/netbeans/platform/docs/testng-6.13.1-javadoc.jar" />
    <property name="libs.PostgreSQLDriver.classpath" value="/home/juan/Apps/netbeans/ide/modules/ext/postgresql-42.5.4.jar" />
    <property name="libs.jsf12.maven-pom" value="" />
    <property name="libs.Connector_J.classpath" value="/home/juan/NetBeansJDKs/mysql-connector-j-8.0.33.jar" />
    <property name="native.encoding" value="UTF-8" />
    <property name="annotation.processing.source.output" value="build/generated-sources/ap-source-output" />
    <property name="main.class" value="backendjavajunit.BackendJavaJUnit" />
    <property name="libs.CopyLibs.src" value="" />
    <property name="build.dir" value="build" />
    <property name="libs.jsp-compilation.classpath" value="/home/juan/Apps/netbeans/extide/ant/lib/ant.jar:/home/juan/Apps/netbeans/enterprise/modules/ext/servlet4.0-jsp2.3-api.jar:/home/juan/Apps/netbeans/enterprise/modules/ext/glassfish-jspparser-5.1.0.jar:/home/juan/Apps/netbeans/enterprise/modules/ext/jsf-2_2/javax.faces.jar:/home/juan/Apps/netbeans/enterprise/modules/ext/jstl-api.jar:/home/juan/Apps/netbeans/extide/ant/lib/ant-launcher.jar" />
    <property name="libs.javaee-web-api-8.0.javadoc" value="/home/juan/Apps/netbeans/enterprise/docs/javaee-doc-api.jar" />
    <property name="debug.modulepath" value="" />
    <property name="ant.version" value="Apache Ant(TM) version 1.10.8 compiled on May 10 2020" />
    <property name="file.encoding" value="UTF-8" />
    <property name="build.classes.excludes" value="**/*.java,**/*.form" />
    <property name="javadoc.nonavbar" value="false" />
    <property name="libs.spring-webmvc4.0.classpath" value="/home/juan/Apps/netbeans/java/modules/ext/spring-4/spring-webmvc-4.3.29.RELEASE.jar" />
    <property name="platform.active" value="JDK_1.8.0_371" />
    <property name="libs.javaee-web-api-8.0.maven-pom" value="" />
    <property name="awt.toolkit" value="sun.awt.X11.XToolkit" />
    <property name="libs.javaee-web-api-7.0.javadoc" value="/home/juan/Apps/netbeans/enterprise/docs/javaee-doc-api.jar" />
  </properties>
  <testcase classname="backendjavajunit.ej01.DiscountCalculatorTest" name="testCalculateZeroDiscount" time="0.002" />
  <testcase classname="backendjavajunit.ej01.DiscountCalculatorTest" name="testCalculateMinDiscount" time="0.0" />
  <testcase classname="backendjavajunit.ej01.DiscountCalculatorTest" name="testCalculateMaxDiscount" time="0.0" />
  <testcase classname="backendjavajunit.ej01.DiscountCalculatorTest" name="testCalculateDiscount" time="0.0" />
  <system-out><![CDATA[]]></system-out>
  <system-err><![CDATA[]]></system-err>
</testsuite>
